Using pre-set license
Built from '2020.3/staging' branch; Version is '2020.3.13f1 (71691879b7f5) revision 7432472'; Using compiler version '192528614'; Build Type 'Release'
OS: 'Windows 10 Home; OS build 19044.1586; Version 2009; 64bit' Language: 'en' Physical Memory: 8025 MB
BatchMode: 1, IsHumanControllingUs: 0, StartBugReporterOnCrash: 0, Is64bit: 1, IsPro: 0

 COMMAND LINE ARGUMENTS:
C:\Program Files\Unity\Hub\Editor\2020.3.13f1\Editor\Unity.exe
-adb2
-batchMode
-noUpm
-name
AssetImportWorker0
-projectPath
C:/Users/jhsie/OneDrive/Desktop/Speed-Demons/Speed-Demons
-logFile
Logs/AssetImportWorker0.log
-srvPort
55403
Successfully changed project path to: C:/Users/jhsie/OneDrive/Desktop/Speed-Demons/Speed-Demons
C:/Users/jhsie/OneDrive/Desktop/Speed-Demons/Speed-Demons
Using Asset Import Pipeline V2.
Refreshing native plugins compatible for Editor in 61.53 ms, found 2 plugins.
Preloading 0 native plugins for Editor in 0.00 ms.
Initialize engine version: 2020.3.13f1 (71691879b7f5)
[Subsystems] Discovering subsystems at path C:/Program Files/Unity/Hub/Editor/2020.3.13f1/Editor/Data/Resources/UnitySubsystems
[Subsystems] Discovering subsystems at path C:/Users/jhsie/OneDrive/Desktop/Speed-Demons/Speed-Demons/Assets
GfxDevice: creating device client; threaded=0
Direct3D:
    Version:  Direct3D 11.0 [level 11.1]
    Renderer: Intel(R) UHD Graphics 620 (ID=0x5917)
    Vendor:   
    VRAM:     4012 MB
    Driver:   26.20.100.7263
Initialize mono
Mono path[0] = 'C:/Program Files/Unity/Hub/Editor/2020.3.13f1/Editor/Data/Managed'
Mono path[1] = 'C:/Program Files/Unity/Hub/Editor/2020.3.13f1/Editor/Data/MonoBleedingEdge/lib/mono/unityjit'
Mono config path = 'C:/Program Files/Unity/Hub/Editor/2020.3.13f1/Editor/Data/MonoBleedingEdge/etc'
Using monoOptions --debugger-agent=transport=dt_socket,embedding=1,server=y,suspend=n,address=127.0.0.1:56376
Begin MonoManager ReloadAssembly
Registering precompiled unity dll's ...
Register platform support module: C:/Program Files/Unity/Hub/Editor/2020.3.13f1/Editor/Data/PlaybackEngines/WindowsStandaloneSupport/UnityEditor.WindowsStandalone.Extensions.dll
Registered in 0.002417 seconds.
Native extension for WindowsStandalone target not found
Refreshing native plugins compatible for Editor in 47.86 ms, found 2 plugins.
Preloading 0 native plugins for Editor in 0.00 ms.
Mono: successfully reloaded assembly
- Completed reload, in  1.321 seconds
Platform modules already initialized, skipping
Registering precompiled user dll's ...
Registered in 0.006501 seconds.
Begin MonoManager ReloadAssembly
Native extension for WindowsStandalone target not found
Refreshing native plugins compatible for Editor in 0.71 ms, found 2 plugins.
Preloading 0 native plugins for Editor in 0.00 ms.
Mono: successfully reloaded assembly
- Completed reload, in  1.301 seconds
Platform modules already initialized, skipping
========================================================================
Worker process is ready to serve import requests
Launched and connected shader compiler UnityShaderCompiler.exe after 0.17 seconds
Refreshing native plugins compatible for Editor in 0.69 ms, found 2 plugins.
Preloading 0 native plugins for Editor in 0.00 ms.
Unloading 1869 Unused Serialized files (Serialized files now loaded: 0)
System memory in use before: 90.0 MB.
System memory in use after: 90.0 MB.

Unloading 54 unused Assets to reduce memory usage. Loaded Objects now: 2287.
Total: 7.209200 ms (FindLiveObjects: 0.215400 ms CreateObjectMapping: 0.067100 ms MarkObjects: 6.808300 ms  DeleteObjects: 0.117300 ms)

AssetImportParameters requested are different than current active one (requested -> active):
  custom:framework-win-MediaFoundation: 216162199b28c13a410421893ffa2e32 -> 
  custom:video-decoder-ogg-theora: a1e56fd34408186e4bbccfd4996cb3dc -> 
  custom:container-muxer-webm: aa71ff27fc2769a1b78a27578f13a17b -> 
  custom:container-demuxer-webm: 4f35f7cbe854078d1ac9338744f61a02 -> 
  custom:container-demuxer-ogg: 62fdf1f143b41e24485cea50d1cbac27 -> 
  custom:video-encoder-webm-vp8: eb34c28f22e8b96e1ab97ce403110664 -> 
  custom:video-decoder-webm-vp8: 9c59270c3fd7afecdb556c50c9e8de78 -> 
  custom:audio-decoder-ogg-vorbis: bf7c407c2cedff20999df2af8eb42d56 -> 
  custom:audio-encoder-webm-vorbis: bf7c407c2cedff20999df2af8eb42d56 -> 
========================================================================
Received Import Request.
  path: Assets/CastlePack/Prefabs/HightTower.prefab
  artifactKey: Guid(4e4da7cae3fc6744e8deba559924ee80) Importer(815301076,1909f56bfc062723c751e8b465ee728b)
Start importing Assets/CastlePack/Prefabs/HightTower.prefab using Guid(4e4da7cae3fc6744e8deba559924ee80) Importer(815301076,1909f56bfc062723c751e8b465ee728b)  -> (artifact id: 'b9414a5c846ba37ce70dd2a17ab4f6b9') in 0.238413 seconds 
  Import took 0.246041 seconds .

========================================================================
Received Import Request.
  Time since last request: 0.000947 seconds.
  path: Assets/CastlePack/Prefabs/Ramp.prefab
  artifactKey: Guid(251ce8703413b4a4eb50b361975cd549) Importer(815301076,1909f56bfc062723c751e8b465ee728b)
Start importing Assets/CastlePack/Prefabs/Ramp.prefab using Guid(251ce8703413b4a4eb50b361975cd549) Importer(815301076,1909f56bfc062723c751e8b465ee728b)  -> (artifact id: '1d9adcdf5430be6ecd80c9088fafc3ee') in 0.025056 seconds 
  Import took 0.031823 seconds .

========================================================================
Received Import Request.
  Time since last request: 0.000604 seconds.
  path: Assets/CastlePack/Prefabs/SmallPhylar.prefab
  artifactKey: Guid(866971d15d558a046b49b2ece87df8e4) Importer(815301076,1909f56bfc062723c751e8b465ee728b)
Start importing Assets/CastlePack/Prefabs/SmallPhylar.prefab using Guid(866971d15d558a046b49b2ece87df8e4) Importer(815301076,1909f56bfc062723c751e8b465ee728b)  -> (artifact id: '4a6c06f28a35479d97e396345f2a9e68') in 0.018044 seconds 
  Import took 0.023101 seconds .

========================================================================
Received Import Request.
  Time since last request: 0.000287 seconds.
  path: Assets/CastlePack/Prefabs/FloorTorch.prefab
  artifactKey: Guid(2b992a80f3717ab4c93585c380d85baa) Importer(815301076,1909f56bfc062723c751e8b465ee728b)
Start importing Assets/CastlePack/Prefabs/FloorTorch.prefab using Guid(2b992a80f3717ab4c93585c380d85baa) Importer(815301076,1909f56bfc062723c751e8b465ee728b)  -> (artifact id: 'e5c6a9401f48133a8b3fe4c4d2387924') in 0.018213 seconds 
  Import took 0.023556 seconds .

========================================================================
Received Import Request.
  Time since last request: 0.000323 seconds.
  path: Assets/CastlePack/Prefabs/LargePhylar.prefab
  artifactKey: Guid(ba70764497a354a4b9fad6c17a58d70f) Importer(815301076,1909f56bfc062723c751e8b465ee728b)
Start importing Assets/CastlePack/Prefabs/LargePhylar.prefab using Guid(ba70764497a354a4b9fad6c17a58d70f) Importer(815301076,1909f56bfc062723c751e8b465ee728b)  -> (artifact id: '0ae0a9771e21b208a402566cd98c7a70') in 0.019901 seconds 
  Import took 0.034042 seconds .

========================================================================
Received Import Request.
  Time since last request: 0.000340 seconds.
  path: Assets/CastlePack/Prefabs/FloorTorchLightPP.prefab
  artifactKey: Guid(a35be9def8712c44b9a1a0f8e59c0c79) Importer(815301076,1909f56bfc062723c751e8b465ee728b)
Start importing Assets/CastlePack/Prefabs/FloorTorchLightPP.prefab using Guid(a35be9def8712c44b9a1a0f8e59c0c79) Importer(815301076,1909f56bfc062723c751e8b465ee728b)  -> (artifact id: 'd83d1a3d4dc5dc56b6071ef540e1d1ed') in 0.025416 seconds 
  Import took 0.032001 seconds .

========================================================================
Received Import Request.
  Time since last request: 0.000289 seconds.
  path: Assets/CastlePack/Prefabs/WallTorch.prefab
  artifactKey: Guid(b232a916ecbf39e4faf01d79be23f46e) Importer(815301076,1909f56bfc062723c751e8b465ee728b)
Start importing Assets/CastlePack/Prefabs/WallTorch.prefab using Guid(b232a916ecbf39e4faf01d79be23f46e) Importer(815301076,1909f56bfc062723c751e8b465ee728b)  -> (artifact id: 'e1ddc5b3f367d0dd562e44a8480fb17b') in 0.018115 seconds 
  Import took 0.022199 seconds .

========================================================================
Received Import Request.
  Time since last request: 0.000327 seconds.
  path: Assets/CastlePack/Prefabs/StoneBridgeFlat.prefab
  artifactKey: Guid(2b651b5f505f7e945b2e3f8bb7abc4ce) Importer(815301076,1909f56bfc062723c751e8b465ee728b)
Start importing Assets/CastlePack/Prefabs/StoneBridgeFlat.prefab using Guid(2b651b5f505f7e945b2e3f8bb7abc4ce) Importer(815301076,1909f56bfc062723c751e8b465ee728b)  -> (artifact id: '5f84f9174ee6277815d8c6a8d130054e') in 0.021046 seconds 
  Import took 0.026994 seconds .

========================================================================
Received Import Request.
  Time since last request: 0.000360 seconds.
  path: Assets/CastlePack/Prefabs/Platform.prefab
  artifactKey: Guid(d57c5f8633e35ec47a66d1785ae79af3) Importer(815301076,1909f56bfc062723c751e8b465ee728b)
Start importing Assets/CastlePack/Prefabs/Platform.prefab using Guid(d57c5f8633e35ec47a66d1785ae79af3) Importer(815301076,1909f56bfc062723c751e8b465ee728b)  -> (artifact id: 'ae3d1f3666534401548795a958cab918') in 0.021547 seconds 
  Import took 0.044030 seconds .

========================================================================
Received Import Request.
  Time since last request: 0.001319 seconds.
  path: Assets/CastlePack/Prefabs/StoneBridgeHightEntry.prefab
  artifactKey: Guid(007ca4dc15006f8498187688612b0931) Importer(815301076,1909f56bfc062723c751e8b465ee728b)
Start importing Assets/CastlePack/Prefabs/StoneBridgeHightEntry.prefab using Guid(007ca4dc15006f8498187688612b0931) Importer(815301076,1909f56bfc062723c751e8b465ee728b)  -> (artifact id: '150c4cf8b26565d4d9c4056fab6f1dbf') in 0.035756 seconds 
  Import took 0.050333 seconds .

========================================================================
Received Import Request.
  Time since last request: 0.000302 seconds.
  path: Assets/CastlePack/Prefabs/WallTower.prefab
  artifactKey: Guid(b6d5c0a31f0b4ec4b935e5b123710738) Importer(815301076,1909f56bfc062723c751e8b465ee728b)
Start importing Assets/CastlePack/Prefabs/WallTower.prefab using Guid(b6d5c0a31f0b4ec4b935e5b123710738) Importer(815301076,1909f56bfc062723c751e8b465ee728b)  -> (artifact id: 'b65c90c78a28bfef21e7ddc0aacdd592') in 0.022437 seconds 
  Import took 0.036292 seconds .

========================================================================
Received Import Request.
  Time since last request: 0.000246 seconds.
  path: Assets/CastlePack/Prefabs/StoneBridgeTwoSided.prefab
  artifactKey: Guid(9c1aeeb0b83bf344698be3d07d2f6fad) Importer(815301076,1909f56bfc062723c751e8b465ee728b)
Start importing Assets/CastlePack/Prefabs/StoneBridgeTwoSided.prefab using Guid(9c1aeeb0b83bf344698be3d07d2f6fad) Importer(815301076,1909f56bfc062723c751e8b465ee728b)  -> (artifact id: 'abf5462d97c595be06f98879d1c95f12') in 0.033642 seconds 
  Import took 0.037376 seconds .

========================================================================
Received Import Request.
  Time since last request: 0.000249 seconds.
  path: Assets/CastlePack/Prefabs/WallEntranceAndExit.prefab
  artifactKey: Guid(972bc78f7822b3f4b8c2d2536cb64fdb) Importer(815301076,1909f56bfc062723c751e8b465ee728b)
Start importing Assets/CastlePack/Prefabs/WallEntranceAndExit.prefab using Guid(972bc78f7822b3f4b8c2d2536cb64fdb) Importer(815301076,1909f56bfc062723c751e8b465ee728b)  -> (artifact id: '53f6bb884d2b7cf2bdf1ec2670713137') in 0.029731 seconds 
  Import took 0.032807 seconds .

========================================================================
Received Import Request.
  Time since last request: 0.000270 seconds.
  path: Assets/CastlePack/Prefabs/WoodenBridge.prefab
  artifactKey: Guid(759c52fc18714384b8154129d1b6a10d) Importer(815301076,1909f56bfc062723c751e8b465ee728b)
Start importing Assets/CastlePack/Prefabs/WoodenBridge.prefab using Guid(759c52fc18714384b8154129d1b6a10d) Importer(815301076,1909f56bfc062723c751e8b465ee728b)  -> (artifact id: '5ef6118d48ac922857c5e9e9571c1b45') in 0.018406 seconds 
  Import took 0.023080 seconds .

========================================================================
Received Import Request.
  Time since last request: 0.000251 seconds.
  path: Assets/CastlePack/Prefabs/WallEntrance.prefab
  artifactKey: Guid(3802e02b131391c49a75ae88bbc77722) Importer(815301076,1909f56bfc062723c751e8b465ee728b)
Start importing Assets/CastlePack/Prefabs/WallEntrance.prefab using Guid(3802e02b131391c49a75ae88bbc77722) Importer(815301076,1909f56bfc062723c751e8b465ee728b)  -> (artifact id: '08b2c8781c0b50b1206675a2f00580be') in 0.029227 seconds 
  Import took 0.033567 seconds .

========================================================================
Received Import Request.
  Time since last request: 0.000331 seconds.
  path: Assets/CastlePack/Prefabs
  artifactKey: Guid(4dea0e59395769d42951cd556777cbe9) Importer(815301076,1909f56bfc062723c751e8b465ee728b)
Start importing Assets/CastlePack/Prefabs using Guid(4dea0e59395769d42951cd556777cbe9) Importer(815301076,1909f56bfc062723c751e8b465ee728b)  -> (artifact id: '1258dbd667703d50018e622ff07ac3f8') in 0.019708 seconds 
  Import took 0.029457 seconds .

========================================================================
Received Import Request.
  Time since last request: 0.000249 seconds.
  path: Assets/CastlePack/Prefabs/StoneBridge.prefab
  artifactKey: Guid(80fc0e14d5ce1b6418b34994b1b740af) Importer(815301076,1909f56bfc062723c751e8b465ee728b)
Start importing Assets/CastlePack/Prefabs/StoneBridge.prefab using Guid(80fc0e14d5ce1b6418b34994b1b740af) Importer(815301076,1909f56bfc062723c751e8b465ee728b)  -> (artifact id: '07f336317c1810e055ea6a93d9ceff8e') in 0.023637 seconds 
  Import took 0.028528 seconds .

========================================================================
Received Import Request.
  Time since last request: 0.000293 seconds.
  path: Assets/CastlePack/Prefabs/WallStairs.prefab
  artifactKey: Guid(a467159af0116cd4c9a543b9f91f0897) Importer(815301076,1909f56bfc062723c751e8b465ee728b)
Start importing Assets/CastlePack/Prefabs/WallStairs.prefab using Guid(a467159af0116cd4c9a543b9f91f0897) Importer(815301076,1909f56bfc062723c751e8b465ee728b)  -> (artifact id: '4946c2aa1a77058d0e135283bfe8cb35') in 0.019333 seconds 
  Import took 0.023585 seconds .

========================================================================
Received Import Request.
  Time since last request: 0.000341 seconds.
  path: Assets/CastlePack/Prefabs/WoodenBridgeHanddrails.prefab
  artifactKey: Guid(b448470478f6a7e42b0332c634fc48d1) Importer(815301076,1909f56bfc062723c751e8b465ee728b)
Start importing Assets/CastlePack/Prefabs/WoodenBridgeHanddrails.prefab using Guid(b448470478f6a7e42b0332c634fc48d1) Importer(815301076,1909f56bfc062723c751e8b465ee728b)  -> (artifact id: '552239170e7a5db7e1f84f0070c92fe1') in 0.022304 seconds 
  Import took 0.034985 seconds .

========================================================================
Received Import Request.
  Time since last request: 0.000280 seconds.
  path: Assets/CastlePack/Prefabs/StoneBridgeEntry.prefab
  artifactKey: Guid(d3b67e77572425c43aacb6760ffcf5c7) Importer(815301076,1909f56bfc062723c751e8b465ee728b)
Start importing Assets/CastlePack/Prefabs/StoneBridgeEntry.prefab using Guid(d3b67e77572425c43aacb6760ffcf5c7) Importer(815301076,1909f56bfc062723c751e8b465ee728b)  -> (artifact id: '2a21d9b220c85531509958e9eae1c44f') in 0.044144 seconds 
  Import took 0.063244 seconds .

========================================================================
Received Import Request.
  Time since last request: 0.000352 seconds.
  path: Assets/CastlePack/Prefabs/MediumPhylar.prefab
  artifactKey: Guid(31bec6d95c8182646bfa372e53555414) Importer(815301076,1909f56bfc062723c751e8b465ee728b)
Start importing Assets/CastlePack/Prefabs/MediumPhylar.prefab using Guid(31bec6d95c8182646bfa372e53555414) Importer(815301076,1909f56bfc062723c751e8b465ee728b)  -> (artifact id: '645309a3d8d7268b5708ae6a58533b20') in 0.038564 seconds 
  Import took 0.047667 seconds .

========================================================================
Received Import Request.
  Time since last request: 0.005203 seconds.
  path: Assets/CastlePack/Prefabs/MediumPhylar.prefab
  artifactKey: Guid(31bec6d95c8182646bfa372e53555414) Importer(815301076,1909f56bfc062723c751e8b465ee728b)
Start importing Assets/CastlePack/Prefabs/MediumPhylar.prefab using Guid(31bec6d95c8182646bfa372e53555414) Importer(815301076,1909f56bfc062723c751e8b465ee728b)  -> (artifact id: '645309a3d8d7268b5708ae6a58533b20') in 0.016209 seconds 
  Import took 0.024298 seconds .

========================================================================
Received Import Request.
  Time since last request: 189.169890 seconds.
  path: Assets/Prefabs/TileMountain.prefab
  artifactKey: Guid(5f1725b1aa47f2c46babdfc2e5435420) Importer(815301076,1909f56bfc062723c751e8b465ee728b)
Start importing Assets/Prefabs/TileMountain.prefab using Guid(5f1725b1aa47f2c46babdfc2e5435420) Importer(815301076,1909f56bfc062723c751e8b465ee728b)  -> (artifact id: '34bb53d1039ffce1fed73aedf099d45a') in 0.021326 seconds 
  Import took 0.025801 seconds .

========================================================================
Received Prepare
Registering precompiled user dll's ...
Registered in 0.006417 seconds.
Begin MonoManager ReloadAssembly
Native extension for WindowsStandalone target not found
Refreshing native plugins compatible for Editor in 1.50 ms, found 2 plugins.
Preloading 0 native plugins for Editor in 0.00 ms.
Mono: successfully reloaded assembly
- Completed reload, in  1.136 seconds
Platform modules already initialized, skipping
Refreshing native plugins compatible for Editor in 0.70 ms, found 2 plugins.
Preloading 0 native plugins for Editor in 0.00 ms.
Unloading 1863 Unused Serialized files (Serialized files now loaded: 0)
System memory in use before: 93.2 MB.
System memory in use after: 93.3 MB.

Unloading 49 unused Assets to reduce memory usage. Loaded Objects now: 2299.
Total: 6.988500 ms (FindLiveObjects: 0.194400 ms CreateObjectMapping: 0.066300 ms MarkObjects: 6.664300 ms  DeleteObjects: 0.061500 ms)

AssetImportParameters requested are different than current active one (requested -> active):
  custom:framework-win-MediaFoundation: 216162199b28c13a410421893ffa2e32 -> 
  custom:video-decoder-ogg-theora: a1e56fd34408186e4bbccfd4996cb3dc -> 
  custom:container-muxer-webm: aa71ff27fc2769a1b78a27578f13a17b -> 
  custom:container-demuxer-webm: 4f35f7cbe854078d1ac9338744f61a02 -> 
  custom:container-demuxer-ogg: 62fdf1f143b41e24485cea50d1cbac27 -> 
  custom:video-encoder-webm-vp8: eb34c28f22e8b96e1ab97ce403110664 -> 
  custom:video-decoder-webm-vp8: 9c59270c3fd7afecdb556c50c9e8de78 -> 
  custom:audio-decoder-ogg-vorbis: bf7c407c2cedff20999df2af8eb42d56 -> 
  custom:audio-encoder-webm-vorbis: bf7c407c2cedff20999df2af8eb42d56 -> 
========================================================================
Received Import Request.
  Time since last request: 46.412433 seconds.
  path: Assets/Prefabs/TileMountain.prefab
  artifactKey: Guid(5f1725b1aa47f2c46babdfc2e5435420) Importer(815301076,1909f56bfc062723c751e8b465ee728b)
Start importing Assets/Prefabs/TileMountain.prefab using Guid(5f1725b1aa47f2c46babdfc2e5435420) Importer(815301076,1909f56bfc062723c751e8b465ee728b)  -> (artifact id: '6d83916da4041567474bdace94c874ed') in 0.057655 seconds 
  Import took 0.061124 seconds .

========================================================================
Received Import Request.
  Time since last request: 21.636974 seconds.
  path: Assets/CastlePack/Materials/Fire.mat
  artifactKey: Guid(bd2a786a620f4494b856e9dad310afe4) Importer(815301076,1909f56bfc062723c751e8b465ee728b)
Start importing Assets/CastlePack/Materials/Fire.mat using Guid(bd2a786a620f4494b856e9dad310afe4) Importer(815301076,1909f56bfc062723c751e8b465ee728b)  -> (artifact id: 'ce45fc4a4bd42a5bcca83b5b916cb2db') in 0.053861 seconds 
  Import took 0.057929 seconds .

========================================================================
Received Import Request.
  Time since last request: 0.000295 seconds.
  path: Assets/CastlePack/Materials/Planks.mat
  artifactKey: Guid(00453d6b2594c7f42972a69fe1ed584c) Importer(815301076,1909f56bfc062723c751e8b465ee728b)
Start importing Assets/CastlePack/Materials/Planks.mat using Guid(00453d6b2594c7f42972a69fe1ed584c) Importer(815301076,1909f56bfc062723c751e8b465ee728b)  -> (artifact id: '0774f81b5925a5c873d8c6e6a0ca33e4') in 0.018780 seconds 
  Import took 0.022303 seconds .

========================================================================
Received Import Request.
  Time since last request: 0.000360 seconds.
  path: Assets/CastlePack/Materials/Roof.mat
  artifactKey: Guid(ebf2afb733ec83746a262ab73ff848b2) Importer(815301076,1909f56bfc062723c751e8b465ee728b)
Start importing Assets/CastlePack/Materials/Roof.mat using Guid(ebf2afb733ec83746a262ab73ff848b2) Importer(815301076,1909f56bfc062723c751e8b465ee728b)  -> (artifact id: 'd9c0ae4963b93bd41c71be81a2c00bff') in 0.019026 seconds 
  Import took 0.028619 seconds .

========================================================================
Received Import Request.
  Time since last request: 0.000464 seconds.
  path: Assets/CastlePack/Materials/Wood.mat
  artifactKey: Guid(5de143d1025d03d4aa88eaf569b6f9b0) Importer(815301076,1909f56bfc062723c751e8b465ee728b)
Start importing Assets/CastlePack/Materials/Wood.mat using Guid(5de143d1025d03d4aa88eaf569b6f9b0) Importer(815301076,1909f56bfc062723c751e8b465ee728b)  -> (artifact id: 'af28cdde4ff44452fca5f61c363e804a') in 0.018006 seconds 
  Import took 0.022786 seconds .

========================================================================
Received Import Request.
  Time since last request: 0.000418 seconds.
  path: Assets/CastlePack/Materials/Grass.mat
  artifactKey: Guid(541cd755ef9eee548aa90edabed105cf) Importer(815301076,1909f56bfc062723c751e8b465ee728b)
Start importing Assets/CastlePack/Materials/Grass.mat using Guid(541cd755ef9eee548aa90edabed105cf) Importer(815301076,1909f56bfc062723c751e8b465ee728b)  -> (artifact id: '734a12f2d20d3e644b5d718af14be64f') in 0.022605 seconds 
  Import took 0.030275 seconds .

========================================================================
Received Import Request.
  Time since last request: 0.000364 seconds.
  path: Assets/CastlePack/Materials/Skybox.mat
  artifactKey: Guid(ca4063b229ef9344a9cbeeb1be8c0d4b) Importer(815301076,1909f56bfc062723c751e8b465ee728b)
Start importing Assets/CastlePack/Materials/Skybox.mat using Guid(ca4063b229ef9344a9cbeeb1be8c0d4b) Importer(815301076,1909f56bfc062723c751e8b465ee728b)  -> (artifact id: 'b5c80b47a1b90f49834d910ac5464cba') in 0.205717 seconds 
  Import took 0.215616 seconds .

========================================================================
Received Import Request.
  Time since last request: 0.000431 seconds.
  path: Assets/CastlePack/Materials/Grass.mat
  artifactKey: Guid(541cd755ef9eee548aa90edabed105cf) Importer(815301076,1909f56bfc062723c751e8b465ee728b)
Start importing Assets/CastlePack/Materials/Grass.mat using Guid(541cd755ef9eee548aa90edabed105cf) Importer(815301076,1909f56bfc062723c751e8b465ee728b)  -> (artifact id: '734a12f2d20d3e644b5d718af14be64f') in 0.016563 seconds 
  Import took 0.021915 seconds .

========================================================================
Received Import Request.
  Time since last request: 0.000330 seconds.
  path: Assets/CastlePack/Materials/Stone.mat
  artifactKey: Guid(101574efcd718344c99c859c010fad3b) Importer(815301076,1909f56bfc062723c751e8b465ee728b)
Start importing Assets/CastlePack/Materials/Stone.mat using Guid(101574efcd718344c99c859c010fad3b) Importer(815301076,1909f56bfc062723c751e8b465ee728b)  -> (artifact id: 'bece36503c88e01125cffa99007f053f') in 0.016693 seconds 
  Import took 0.027773 seconds .

========================================================================
Received Prepare
Registering precompiled user dll's ...
Registered in 0.006452 seconds.
Begin MonoManager ReloadAssembly
Native extension for WindowsStandalone target not found
Refreshing native plugins compatible for Editor in 0.78 ms, found 2 plugins.
Preloading 0 native plugins for Editor in 0.00 ms.
Mono: successfully reloaded assembly
- Completed reload, in  1.250 seconds
Platform modules already initialized, skipping
Refreshing native plugins compatible for Editor in 0.74 ms, found 2 plugins.
Preloading 0 native plugins for Editor in 0.00 ms.
Unloading 1863 Unused Serialized files (Serialized files now loaded: 0)
System memory in use before: 93.5 MB.
System memory in use after: 93.6 MB.

Unloading 49 unused Assets to reduce memory usage. Loaded Objects now: 2336.
Total: 7.155900 ms (FindLiveObjects: 0.223000 ms CreateObjectMapping: 0.069600 ms MarkObjects: 6.826600 ms  DeleteObjects: 0.035500 ms)

AssetImportParameters requested are different than current active one (requested -> active):
  custom:framework-win-MediaFoundation: 216162199b28c13a410421893ffa2e32 -> 
  custom:video-decoder-ogg-theora: a1e56fd34408186e4bbccfd4996cb3dc -> 
  custom:container-muxer-webm: aa71ff27fc2769a1b78a27578f13a17b -> 
  custom:container-demuxer-webm: 4f35f7cbe854078d1ac9338744f61a02 -> 
  custom:container-demuxer-ogg: 62fdf1f143b41e24485cea50d1cbac27 -> 
  custom:video-encoder-webm-vp8: eb34c28f22e8b96e1ab97ce403110664 -> 
  custom:video-decoder-webm-vp8: 9c59270c3fd7afecdb556c50c9e8de78 -> 
  custom:audio-decoder-ogg-vorbis: bf7c407c2cedff20999df2af8eb42d56 -> 
  custom:audio-encoder-webm-vorbis: bf7c407c2cedff20999df2af8eb42d56 -> 
========================================================================
Received Import Request.
  Time since last request: 410.754440 seconds.
  path: Assets/CastlePack/Materials
  artifactKey: Guid(dde6136a9ebf42c41916378ec3f4095c) Importer(815301076,1909f56bfc062723c751e8b465ee728b)
Start importing Assets/CastlePack/Materials using Guid(dde6136a9ebf42c41916378ec3f4095c) Importer(815301076,1909f56bfc062723c751e8b465ee728b)  -> (artifact id: 'b8102708231adf4a9bf5806bc05eb497') in 0.023000 seconds 
  Import took 0.027801 seconds .

========================================================================
Received Import Request.
  Time since last request: 247.128237 seconds.
  path: Assets/Prefabs/TileGrass.prefab
  artifactKey: Guid(5deeb34f07fc5b540bfa5e5be622c162) Importer(815301076,1909f56bfc062723c751e8b465ee728b)
Start importing Assets/Prefabs/TileGrass.prefab using Guid(5deeb34f07fc5b540bfa5e5be622c162) Importer(815301076,1909f56bfc062723c751e8b465ee728b)  -> (artifact id: '64962a84ed09950a12bb12471a574c4b') in 0.061195 seconds 
  Import took 0.068842 seconds .

========================================================================
Received Import Request.
  Time since last request: 402.696775 seconds.
  path: Assets/Prefabs/SpeedDemon.prefab
  artifactKey: Guid(bb179926347e3e44d865743a856eb7bf) Importer(815301076,1909f56bfc062723c751e8b465ee728b)
Start importing Assets/Prefabs/SpeedDemon.prefab using Guid(bb179926347e3e44d865743a856eb7bf) Importer(815301076,1909f56bfc062723c751e8b465ee728b)  -> (artifact id: '72da2a03cdb1bce63b124e5a037454d2') in 0.077130 seconds 
  Import took 0.093785 seconds .

========================================================================
Received Prepare
Registering precompiled user dll's ...
Registered in 0.006170 seconds.
Begin MonoManager ReloadAssembly
Native extension for WindowsStandalone target not found
Refreshing native plugins compatible for Editor in 0.75 ms, found 2 plugins.
Preloading 0 native plugins for Editor in 0.00 ms.
Mono: successfully reloaded assembly
- Completed reload, in  1.157 seconds
Platform modules already initialized, skipping
Refreshing native plugins compatible for Editor in 0.74 ms, found 2 plugins.
Preloading 0 native plugins for Editor in 0.00 ms.
Unloading 1863 Unused Serialized files (Serialized files now loaded: 0)
System memory in use before: 107.3 MB.
System memory in use after: 107.4 MB.

Unloading 52 unused Assets to reduce memory usage. Loaded Objects now: 2343.
Total: 7.385600 ms (FindLiveObjects: 0.226800 ms CreateObjectMapping: 0.071500 ms MarkObjects: 6.989300 ms  DeleteObjects: 0.095800 ms)

AssetImportParameters requested are different than current active one (requested -> active):
  custom:framework-win-MediaFoundation: 216162199b28c13a410421893ffa2e32 -> 
  custom:video-decoder-ogg-theora: a1e56fd34408186e4bbccfd4996cb3dc -> 
  custom:container-muxer-webm: aa71ff27fc2769a1b78a27578f13a17b -> 
  custom:container-demuxer-webm: 4f35f7cbe854078d1ac9338744f61a02 -> 
  custom:container-demuxer-ogg: 62fdf1f143b41e24485cea50d1cbac27 -> 
  custom:video-encoder-webm-vp8: eb34c28f22e8b96e1ab97ce403110664 -> 
  custom:video-decoder-webm-vp8: 9c59270c3fd7afecdb556c50c9e8de78 -> 
  custom:audio-decoder-ogg-vorbis: bf7c407c2cedff20999df2af8eb42d56 -> 
  custom:audio-encoder-webm-vorbis: bf7c407c2cedff20999df2af8eb42d56 -> 
========================================================================
Received Import Request.
  Time since last request: 73.968771 seconds.
  path: Assets/Stylized Grass Texture/Materials
  artifactKey: Guid(855350d72edd5b546aba24877b32789a) Importer(815301076,1909f56bfc062723c751e8b465ee728b)
Start importing Assets/Stylized Grass Texture/Materials using Guid(855350d72edd5b546aba24877b32789a) Importer(815301076,1909f56bfc062723c751e8b465ee728b)  -> (artifact id: '244a5c848d8cc778fa58a73bb8f1566c') in 0.008785 seconds 
  Import took 0.017881 seconds .

========================================================================
Received Import Request.
  Time since last request: 0.841076 seconds.
  path: Assets/Stylized Grass Texture/Materials/Stylize_Grass.mat
  artifactKey: Guid(5d8af8f434f69794eabd684fb44b4fbf) Importer(815301076,1909f56bfc062723c751e8b465ee728b)
Start importing Assets/Stylized Grass Texture/Materials/Stylize_Grass.mat using Guid(5d8af8f434f69794eabd684fb44b4fbf) Importer(815301076,1909f56bfc062723c751e8b465ee728b)  -> (artifact id: '6ad5ca71787d6e95371dbefced751128') in 0.580889 seconds 
  Import took 0.591750 seconds .

========================================================================
Received Import Request.
  Time since last request: 0.000429 seconds.
  path: Assets/Stylized Grass Texture/Materials/Stylize_Grass_diffuse.mat
  artifactKey: Guid(516e6f11e8de6624eb6be4bac8c14555) Importer(815301076,1909f56bfc062723c751e8b465ee728b)
Start importing Assets/Stylized Grass Texture/Materials/Stylize_Grass_diffuse.mat using Guid(516e6f11e8de6624eb6be4bac8c14555) Importer(815301076,1909f56bfc062723c751e8b465ee728b)  -> (artifact id: 'b67895501cae884b76800f5fa25b1f4b') in 0.127437 seconds 
  Import took 0.131464 seconds .

========================================================================
Received Import Request.
  Time since last request: 9.524876 seconds.
  path: Assets/Stylized Grass Texture/Textures/Vol_42_1_Ambient_Occlusion.png
  artifactKey: Guid(33ba5140ff8350742a9be1b79eeefd82) Importer(815301076,1909f56bfc062723c751e8b465ee728b)
Start importing Assets/Stylized Grass Texture/Textures/Vol_42_1_Ambient_Occlusion.png using Guid(33ba5140ff8350742a9be1b79eeefd82) Importer(815301076,1909f56bfc062723c751e8b465ee728b)  -> (artifact id: 'c3eb580ab9e83da44c8c59c5dbfe2ba7') in 0.126882 seconds 
  Import took 0.136617 seconds .

========================================================================
Received Import Request.
  Time since last request: 0.000296 seconds.
  path: Assets/Stylized Grass Texture/Textures/Vol_42_1_Roughness.png
  artifactKey: Guid(7c71c756b680c1a47b27345dccbbc51f) Importer(815301076,1909f56bfc062723c751e8b465ee728b)
Start importing Assets/Stylized Grass Texture/Textures/Vol_42_1_Roughness.png using Guid(7c71c756b680c1a47b27345dccbbc51f) Importer(815301076,1909f56bfc062723c751e8b465ee728b)  -> (artifact id: 'ccf5e4034239d7e7a9f8459583c14972') in 0.021643 seconds 
  Import took 0.025272 seconds .

========================================================================
Received Import Request.
  Time since last request: 0.000435 seconds.
  path: Assets/Stylized Grass Texture/Textures/Vol_42_1_Height.png
  artifactKey: Guid(c24c005cb31b0514a85361709b63fa93) Importer(815301076,1909f56bfc062723c751e8b465ee728b)
Start importing Assets/Stylized Grass Texture/Textures/Vol_42_1_Height.png using Guid(c24c005cb31b0514a85361709b63fa93) Importer(815301076,1909f56bfc062723c751e8b465ee728b)  -> (artifact id: '870b0743ca667d56192a157c60b6e3c3') in 0.016174 seconds 
  Import took 0.025847 seconds .

========================================================================
Received Import Request.
  Time since last request: 0.000344 seconds.
  path: Assets/Stylized Grass Texture/Textures/Vol_42_1_Base_Color.png
  artifactKey: Guid(b900361e13e6eaa44963cb851faf3ed3) Importer(815301076,1909f56bfc062723c751e8b465ee728b)
Start importing Assets/Stylized Grass Texture/Textures/Vol_42_1_Base_Color.png using Guid(b900361e13e6eaa44963cb851faf3ed3) Importer(815301076,1909f56bfc062723c751e8b465ee728b)  -> (artifact id: '97c45b075d9f191e775b629d5488df00') in 0.023260 seconds 
  Import took 0.027661 seconds .

========================================================================
Received Import Request.
  Time since last request: 0.000501 seconds.
  path: Assets/Stylized Grass Texture/Textures/Vol_42_1_Normal.png
  artifactKey: Guid(9e91cd5bde426714d9f0ef165f143d7c) Importer(815301076,1909f56bfc062723c751e8b465ee728b)
Start importing Assets/Stylized Grass Texture/Textures/Vol_42_1_Normal.png using Guid(9e91cd5bde426714d9f0ef165f143d7c) Importer(815301076,1909f56bfc062723c751e8b465ee728b)  -> (artifact id: 'c103f145782157d1d9be6c3837f1e9c3') in 0.040263 seconds 
  Import took 0.047781 seconds .

========================================================================
Received Import Request.
  Time since last request: 36.710528 seconds.
  path: Assets/Prefabs/TileGrass.prefab
  artifactKey: Guid(5deeb34f07fc5b540bfa5e5be622c162) Importer(815301076,1909f56bfc062723c751e8b465ee728b)
Start importing Assets/Prefabs/TileGrass.prefab using Guid(5deeb34f07fc5b540bfa5e5be622c162) Importer(815301076,1909f56bfc062723c751e8b465ee728b)  -> (artifact id: '9b1d7c629c3e2a5d861f00492c36c775') in 0.042391 seconds 
  Import took 0.050006 seconds .

========================================================================
Received Import Request.
  Time since last request: 34.681050 seconds.
  path: Assets/Stylized Grass Texture/Materials/Vol_42_1_Base_Color.mat
  artifactKey: Guid(472cfe4015a54f94c91572a3d4042aaf) Importer(815301076,1909f56bfc062723c751e8b465ee728b)
Start importing Assets/Stylized Grass Texture/Materials/Vol_42_1_Base_Color.mat using Guid(472cfe4015a54f94c91572a3d4042aaf) Importer(815301076,1909f56bfc062723c751e8b465ee728b)  -> (artifact id: '8ebf77a0eb11c91be802d174632a399d') in 0.122261 seconds 
  Import took 0.126390 seconds .

========================================================================
Received Import Request.
  Time since last request: 0.000433 seconds.
  path: Assets/Stylized Grass Texture/Materials/Vol_42_1_Roughness.mat
  artifactKey: Guid(9b6298450d984134ba8114640ab53a05) Importer(815301076,1909f56bfc062723c751e8b465ee728b)
Start importing Assets/Stylized Grass Texture/Materials/Vol_42_1_Roughness.mat using Guid(9b6298450d984134ba8114640ab53a05) Importer(815301076,1909f56bfc062723c751e8b465ee728b)  -> (artifact id: 'a1404cca0c21b188d533857cbf318a5d') in 0.022000 seconds 
  Import took 0.027205 seconds .

========================================================================
Received Prepare
Registering precompiled user dll's ...
Registered in 0.006202 seconds.
Begin MonoManager ReloadAssembly
Native extension for WindowsStandalone target not found
Refreshing native plugins compatible for Editor in 0.78 ms, found 2 plugins.
Preloading 0 native plugins for Editor in 0.00 ms.
Mono: successfully reloaded assembly
- Completed reload, in  1.227 seconds
Platform modules already initialized, skipping
Refreshing native plugins compatible for Editor in 0.69 ms, found 2 plugins.
Preloading 0 native plugins for Editor in 0.00 ms.
Unloading 1863 Unused Serialized files (Serialized files now loaded: 0)
System memory in use before: 108.1 MB.
System memory in use after: 108.2 MB.

Unloading 49 unused Assets to reduce memory usage. Loaded Objects now: 2353.
Total: 7.879400 ms (FindLiveObjects: 0.345600 ms CreateObjectMapping: 0.093100 ms MarkObjects: 7.403500 ms  DeleteObjects: 0.035400 ms)

AssetImportParameters requested are different than current active one (requested -> active):
  custom:framework-win-MediaFoundation: 216162199b28c13a410421893ffa2e32 -> 
  custom:video-decoder-ogg-theora: a1e56fd34408186e4bbccfd4996cb3dc -> 
  custom:container-muxer-webm: aa71ff27fc2769a1b78a27578f13a17b -> 
  custom:container-demuxer-webm: 4f35f7cbe854078d1ac9338744f61a02 -> 
  custom:container-demuxer-ogg: 62fdf1f143b41e24485cea50d1cbac27 -> 
  custom:video-encoder-webm-vp8: eb34c28f22e8b96e1ab97ce403110664 -> 
  custom:video-decoder-webm-vp8: 9c59270c3fd7afecdb556c50c9e8de78 -> 
  custom:audio-decoder-ogg-vorbis: bf7c407c2cedff20999df2af8eb42d56 -> 
  custom:audio-encoder-webm-vorbis: bf7c407c2cedff20999df2af8eb42d56 -> 
========================================================================
Received Import Request.
  Time since last request: 222.916737 seconds.
  path: Assets/Prefabs/TileSwamp.prefab
  artifactKey: Guid(c8dc926524e71004088bc3dc7d718c13) Importer(815301076,1909f56bfc062723c751e8b465ee728b)
Start importing Assets/Prefabs/TileSwamp.prefab using Guid(c8dc926524e71004088bc3dc7d718c13) Importer(815301076,1909f56bfc062723c751e8b465ee728b)  -> (artifact id: '8377757f6a6f50501df2e2b72c7bf4b6') in 0.071004 seconds 
  Import took 0.075049 seconds .

========================================================================
Received Prepare
Registering precompiled user dll's ...
Registered in 0.006106 seconds.
Begin MonoManager ReloadAssembly
Native extension for WindowsStandalone target not found
Refreshing native plugins compatible for Editor in 0.97 ms, found 2 plugins.
Preloading 0 native plugins for Editor in 0.00 ms.
Mono: successfully reloaded assembly
- Completed reload, in  1.226 seconds
Platform modules already initialized, skipping
Refreshing native plugins compatible for Editor in 0.80 ms, found 2 plugins.
Preloading 0 native plugins for Editor in 0.00 ms.
Unloading 1863 Unused Serialized files (Serialized files now loaded: 0)
System memory in use before: 108.1 MB.
System memory in use after: 108.2 MB.

Unloading 49 unused Assets to reduce memory usage. Loaded Objects now: 2357.
Total: 7.810700 ms (FindLiveObjects: 0.227100 ms CreateObjectMapping: 0.079600 ms MarkObjects: 7.465600 ms  DeleteObjects: 0.036900 ms)

AssetImportParameters requested are different than current active one (requested -> active):
  custom:framework-win-MediaFoundation: 216162199b28c13a410421893ffa2e32 -> 
  custom:video-decoder-ogg-theora: a1e56fd34408186e4bbccfd4996cb3dc -> 
  custom:container-muxer-webm: aa71ff27fc2769a1b78a27578f13a17b -> 
  custom:container-demuxer-webm: 4f35f7cbe854078d1ac9338744f61a02 -> 
  custom:container-demuxer-ogg: 62fdf1f143b41e24485cea50d1cbac27 -> 
  custom:video-encoder-webm-vp8: eb34c28f22e8b96e1ab97ce403110664 -> 
  custom:video-decoder-webm-vp8: 9c59270c3fd7afecdb556c50c9e8de78 -> 
  custom:audio-decoder-ogg-vorbis: bf7c407c2cedff20999df2af8eb42d56 -> 
  custom:audio-encoder-webm-vorbis: bf7c407c2cedff20999df2af8eb42d56 -> 
========================================================================
Received Import Request.
  Time since last request: 81.420214 seconds.
  path: Assets/SkythianCat/Hand_Painted_Nature_Kit_LITE
  artifactKey: Guid(605a6b0b24c0a8245b8935c724e73656) Importer(815301076,1909f56bfc062723c751e8b465ee728b)
Start importing Assets/SkythianCat/Hand_Painted_Nature_Kit_LITE using Guid(605a6b0b24c0a8245b8935c724e73656) Importer(815301076,1909f56bfc062723c751e8b465ee728b)  -> (artifact id: 'e4f3d9c98afe4fbcf547f72835503b14') in 0.013531 seconds 
  Import took 0.016988 seconds .

========================================================================
Received Import Request.
  Time since last request: 1.472370 seconds.
  path: Assets/SkythianCat/Hand_Painted_Nature_Kit_LITE/Materials
  artifactKey: Guid(a2c11ba474409964fa9d63be85b4c961) Importer(815301076,1909f56bfc062723c751e8b465ee728b)
Start importing Assets/SkythianCat/Hand_Painted_Nature_Kit_LITE/Materials using Guid(a2c11ba474409964fa9d63be85b4c961) Importer(815301076,1909f56bfc062723c751e8b465ee728b)  -> (artifact id: 'afb552cf5afa999e9b89a26cd45626f9') in 0.006058 seconds 
  Import took 0.010135 seconds .

========================================================================
Received Import Request.
  Time since last request: 0.077896 seconds.
  path: Assets/SkythianCat/Hand_Painted_Nature_Kit_LITE/Materials/Bark3-2.mat
  artifactKey: Guid(cc60ec32b64abd84ba21af6ca87441bf) Importer(815301076,1909f56bfc062723c751e8b465ee728b)
Start importing Assets/SkythianCat/Hand_Painted_Nature_Kit_LITE/Materials/Bark3-2.mat using Guid(cc60ec32b64abd84ba21af6ca87441bf) Importer(815301076,1909f56bfc062723c751e8b465ee728b)  -> (artifact id: 'd4f8a426eebb6a8bbd32acf1f0465899') in 0.061699 seconds 
  Import took 0.080912 seconds .

========================================================================
Received Import Request.
  Time since last request: 0.001617 seconds.
  path: Assets/SkythianCat/Hand_Painted_Nature_Kit_LITE/Materials/Stump_tip.mat
  artifactKey: Guid(fd2fea3c5c04b3044a0e0925974148da) Importer(815301076,1909f56bfc062723c751e8b465ee728b)
Start importing Assets/SkythianCat/Hand_Painted_Nature_Kit_LITE/Materials/Stump_tip.mat using Guid(fd2fea3c5c04b3044a0e0925974148da) Importer(815301076,1909f56bfc062723c751e8b465ee728b)  -> (artifact id: '4130350aac5b13af63b197d0f45fc250') in 0.024875 seconds 
  Import took 0.043402 seconds .

========================================================================
Received Import Request.
  Time since last request: 0.000649 seconds.
  path: Assets/SkythianCat/Hand_Painted_Nature_Kit_LITE/Materials/Dandelion.mat
  artifactKey: Guid(cce6087106ae93b4b924d77af765a269) Importer(815301076,1909f56bfc062723c751e8b465ee728b)
Start importing Assets/SkythianCat/Hand_Painted_Nature_Kit_LITE/Materials/Dandelion.mat using Guid(cce6087106ae93b4b924d77af765a269) Importer(815301076,1909f56bfc062723c751e8b465ee728b)  -> (artifact id: '2630e81d6b1c32b600199b8931a52a63') in 0.241038 seconds 
  Import took 0.244795 seconds .

========================================================================
Received Import Request.
  Time since last request: 0.000356 seconds.
  path: Assets/SkythianCat/Hand_Painted_Nature_Kit_LITE/Materials/Fern01_branch.mat
  artifactKey: Guid(5e02285271f932b4d97dc7b92e669bfc) Importer(815301076,1909f56bfc062723c751e8b465ee728b)
Start importing Assets/SkythianCat/Hand_Painted_Nature_Kit_LITE/Materials/Fern01_branch.mat using Guid(5e02285271f932b4d97dc7b92e669bfc) Importer(815301076,1909f56bfc062723c751e8b465ee728b)  -> (artifact id: '43eeb4b06773cd32479f9bfe8bbe4110') in 0.019343 seconds 
  Import took 0.029979 seconds .

========================================================================
Received Import Request.
  Time since last request: 0.000333 seconds.
  path: Assets/SkythianCat/Hand_Painted_Nature_Kit_LITE/Materials/Pine_branch.mat
  artifactKey: Guid(2c090ec8819221843abcb401d6038363) Importer(815301076,1909f56bfc062723c751e8b465ee728b)
Start importing Assets/SkythianCat/Hand_Painted_Nature_Kit_LITE/Materials/Pine_branch.mat using Guid(2c090ec8819221843abcb401d6038363) Importer(815301076,1909f56bfc062723c751e8b465ee728b)  -> (artifact id: '69593028c3519c53ea06e7d84b219075') in 0.023085 seconds 
  Import took 0.033948 seconds .

========================================================================
Received Import Request.
  Time since last request: 0.000317 seconds.
  path: Assets/SkythianCat/Hand_Painted_Nature_Kit_LITE/Materials/Larch_branch.mat
  artifactKey: Guid(019361ef072c0d0499ac07e2f3a69f4a) Importer(815301076,1909f56bfc062723c751e8b465ee728b)
Start importing Assets/SkythianCat/Hand_Painted_Nature_Kit_LITE/Materials/Larch_branch.mat using Guid(019361ef072c0d0499ac07e2f3a69f4a) Importer(815301076,1909f56bfc062723c751e8b465ee728b)  -> (artifact id: 'ec3f044ade978ee3f2e9e4bd640796cd') in 0.025257 seconds 
  Import took 0.030120 seconds .

========================================================================
Received Import Request.
  Time since last request: 0.000935 seconds.
  path: Assets/SkythianCat/Hand_Painted_Nature_Kit_LITE/Materials/Cedar_branch.mat
  artifactKey: Guid(61ee3851987a5754786c6b9cf70230c1) Importer(815301076,1909f56bfc062723c751e8b465ee728b)
Start importing Assets/SkythianCat/Hand_Painted_Nature_Kit_LITE/Materials/Cedar_branch.mat using Guid(61ee3851987a5754786c6b9cf70230c1) Importer(815301076,1909f56bfc062723c751e8b465ee728b)  -> (artifact id: '01087fe9d8acb24c0ced0ad6b91a997a') in 0.028620 seconds 
  Import took 0.038170 seconds .

========================================================================
Received Import Request.
  Time since last request: 0.000244 seconds.
  path: Assets/SkythianCat/Hand_Painted_Nature_Kit_LITE/Materials/Boletus_edulis.mat
  artifactKey: Guid(a8f347959bb942c4e9336c6e3e2d0cfb) Importer(815301076,1909f56bfc062723c751e8b465ee728b)
Start importing Assets/SkythianCat/Hand_Painted_Nature_Kit_LITE/Materials/Boletus_edulis.mat using Guid(a8f347959bb942c4e9336c6e3e2d0cfb) Importer(815301076,1909f56bfc062723c751e8b465ee728b)  -> (artifact id: 'e94efc1bead2829c3bf7a79c0bee914d') in 0.019808 seconds 
  Import took 0.030459 seconds .

========================================================================
Received Import Request.
  Time since last request: 0.000395 seconds.
  path: Assets/SkythianCat/Hand_Painted_Nature_Kit_LITE/Materials/Plantain.mat
  artifactKey: Guid(f2f7ee7f0e76e80418d08f6920b62878) Importer(815301076,1909f56bfc062723c751e8b465ee728b)
Start importing Assets/SkythianCat/Hand_Painted_Nature_Kit_LITE/Materials/Plantain.mat using Guid(f2f7ee7f0e76e80418d08f6920b62878) Importer(815301076,1909f56bfc062723c751e8b465ee728b)  -> (artifact id: '5600e74ccf3f5cbb2161fda5da42249e') in 0.022166 seconds 
  Import took 0.028158 seconds .

========================================================================
Received Prepare
Registering precompiled user dll's ...
Registered in 0.006232 seconds.
Begin MonoManager ReloadAssembly
Native extension for WindowsStandalone target not found
Refreshing native plugins compatible for Editor in 0.79 ms, found 2 plugins.
Preloading 0 native plugins for Editor in 0.00 ms.
Mono: successfully reloaded assembly
- Completed reload, in  1.247 seconds
Platform modules already initialized, skipping
Refreshing native plugins compatible for Editor in 1.46 ms, found 2 plugins.
Preloading 0 native plugins for Editor in 0.00 ms.
Unloading 1863 Unused Serialized files (Serialized files now loaded: 0)
System memory in use before: 108.5 MB.
System memory in use after: 108.6 MB.

Unloading 49 unused Assets to reduce memory usage. Loaded Objects now: 2363.
Total: 7.080300 ms (FindLiveObjects: 0.238300 ms CreateObjectMapping: 0.068600 ms MarkObjects: 6.734900 ms  DeleteObjects: 0.037300 ms)

AssetImportParameters requested are different than current active one (requested -> active):
  custom:framework-win-MediaFoundation: 216162199b28c13a410421893ffa2e32 -> 
  custom:video-decoder-ogg-theora: a1e56fd34408186e4bbccfd4996cb3dc -> 
  custom:container-muxer-webm: aa71ff27fc2769a1b78a27578f13a17b -> 
  custom:container-demuxer-webm: 4f35f7cbe854078d1ac9338744f61a02 -> 
  custom:container-demuxer-ogg: 62fdf1f143b41e24485cea50d1cbac27 -> 
  custom:video-encoder-webm-vp8: eb34c28f22e8b96e1ab97ce403110664 -> 
  custom:video-decoder-webm-vp8: 9c59270c3fd7afecdb556c50c9e8de78 -> 
  custom:audio-decoder-ogg-vorbis: bf7c407c2cedff20999df2af8eb42d56 -> 
  custom:audio-encoder-webm-vorbis: bf7c407c2cedff20999df2af8eb42d56 -> 
AssetImportWorkerClient::OnTransportError - code=2 error=End of file
